<?xml version="1.0" encoding="UTF-8"?>
<!-- Generated by org.testng.reporters.JUnitXMLReporter -->
<testsuite hostname="ip-172-31-95-9" ignored="0" name="Test" tests="2" failures="1" timestamp="12 Nov 2021 06:47:06 GMT" time="9.624" errors="0">
  <testcase name="Negativelogin" time="2.349" classname="test.LoginTest">
    <failure type="java.lang.AssertionError" message="expected [true] but found [false]">
      <![CDATA[java.lang.AssertionError: expected [true] but found [false]
at test.LoginTest.Negativelogin(LoginTest.java:32)
... Removed 29 stack frames]]>
    </failure>
  </testcase> <!-- Negativelogin -->
  <testcase name="Positivelogin" time="3.452" classname="test.LoginTest"/>
</testsuite> <!-- Test -->
